[01:42:36] [main/WARN]: Ambiguity between arguments [teleport, destination] and [teleport, targets] with inputs: [Player, 0123, @e, dd12be42-52a9-4a91-a8a1-11c01849e498]
[01:42:36] [main/WARN]: Ambiguity between arguments [teleport, location] and [teleport, destination] with inputs: [0.1 -0.5 .9, 0 0 0]
[01:42:36] [main/WARN]: Ambiguity between arguments [teleport, location] and [teleport, targets] with inputs: [0.1 -0.5 .9, 0 0 0]
[01:42:36] [main/WARN]: Ambiguity between arguments [teleport, targets] and [teleport, destination] with inputs: [Player, 0123, dd12be42-52a9-4a91-a8a1-11c01849e498]
[01:42:36] [main/WARN]: Ambiguity between arguments [teleport, targets, location] and [teleport, targets, destination] with inputs: [0.1 -0.5 .9, 0 0 0]
[01:42:36] [main/INFO]: Reloading ResourceManager: Default
[01:42:37] [Worker-Main-4/INFO]: Loaded 7 recipes
[01:42:37] [Worker-Main-4/INFO]: Loaded 927 advancements
[01:42:40] [Server thread/INFO]: Starting minecraft server version 1.16.5
[01:42:40] [Server thread/INFO]: Loading properties
[01:42:40] [Server thread/INFO]: Default game type: SURVIVAL
[01:42:40] [Server thread/INFO]: Generating keypair
[01:42:40] [Server thread/INFO]: Starting Minecraft server on *:25565
[01:42:41] [Server thread/INFO]: Using epoll channel type
[01:42:41] [Server thread/WARN]: **** SERVER IS RUNNING IN OFFLINE/INSECURE MODE!
[01:42:41] [Server thread/WARN]: The server will make no attempt to authenticate usernames. Beware.
[01:42:41] [Server thread/WARN]: While this makes the game possible to play without internet access, it also opens up the ability for hackers to connect with any username they choose.
[01:42:41] [Server thread/WARN]: To change this, set "online-mode" to "true" in the server.properties file.
[01:42:41] [Server thread/INFO]: Preparing level "world"
[01:42:41] [Server thread/INFO]: Preparing start region for dimension minecraft:overworld
[01:42:43] [Server thread/INFO]: Preparing spawn area: 0%
[01:42:43] [Server thread/INFO]: Preparing spawn area: 0%
[01:42:43] [Server thread/INFO]: Preparing spawn area: 0%
[01:42:43] [Server thread/INFO]: Preparing spawn area: 0%
[01:42:43] [Server thread/INFO]: Preparing spawn area: 0%
[01:42:44] [Server thread/INFO]: Preparing spawn area: 40%
[01:42:49] [Worker-Main-6/INFO]: Preparing spawn area: 83%
[01:42:49] [Worker-Main-5/INFO]: Preparing spawn area: 83%
[01:42:49] [Worker-Main-5/INFO]: Preparing spawn area: 83%
[01:42:49] [Worker-Main-5/INFO]: Preparing spawn area: 83%
[01:42:49] [Worker-Main-5/INFO]: Preparing spawn area: 83%
[01:42:49] [Worker-Main-5/INFO]: Preparing spawn area: 83%
[01:42:49] [Worker-Main-5/INFO]: Preparing spawn area: 83%
[01:42:49] [Worker-Main-5/INFO]: Preparing spawn area: 83%
[01:42:49] [Worker-Main-5/INFO]: Preparing spawn area: 83%
[01:42:49] [Worker-Main-5/INFO]: Preparing spawn area: 83%
[01:42:49] [Server thread/INFO]: Preparing spawn area: 83%
[01:42:50] [Worker-Main-4/INFO]: Preparing spawn area: 98%
[01:42:50] [Server thread/INFO]: Preparing spawn area: 99%
[01:42:50] [Server thread/INFO]: Time elapsed: 9265 ms
[01:42:50] [Server thread/INFO]: Done (9.446s)! For help, type "help"
[01:43:08] [Server thread/INFO]: kaimerin[/0:0:0:0:0:0:0:1%0:35834] logged in with entity id 89 at (-1518.8846518537964, 39.1998900272922, -194.5178563288164)
[01:43:08] [Server thread/INFO]: kaimerin joined the game
[01:43:12] [Server thread/WARN]: Can't keep up! Is the server overloaded? Running 4131ms or 82 ticks behind
[01:43:18] [Server thread/INFO]: kaimerin fell out of the world
[01:43:41] [Server thread/INFO]: kaimerin lost connection: You logged in from another location
[01:43:41] [Server thread/INFO]: kaimerin left the game
[01:43:41] [Server thread/INFO]: kaimerin[/0:0:0:0:0:0:0:1%0:60250] logged in with entity id 138 at (-1518.8846518537964, -131.06011876001605, -194.5178563288164)
[01:43:41] [Server thread/INFO]: kaimerin joined the game
[01:44:11] [Server thread/INFO]: kaimerin lost connection: Timed out
[01:44:11] [Server thread/INFO]: kaimerin left the game
